recordlrt - INFO - Working on file: /home/akovachi/lrt_data/lrtRecords/lrtRecords0314.txt
recordlrt - INFO - Opening file LRE20180314[00]v32Hz.tdms
recordlrt - INFO - Opened file LRE20180314[00]v32Hz.tdms
recordlrt - INFO - Opening file LRE20180314[01]v32Hz.tdms
recordlrt - INFO - Opened file LRE20180314[01]v32Hz.tdms
recordlrt - INFO - Opening file LRE20180314[02]v32Hz.tdms
recordlrt - INFO - Opened file LRE20180314[02]v32Hz.tdms
recordlrt - INFO - Opening file LRE20180314[03]v32Hz.tdms
recordlrt - INFO - Opened file LRE20180314[03]v32Hz.tdms
recordlrt - INFO - Opening file LRE20180314[04]v32Hz.tdms
recordlrt - INFO - Opened file LRE20180314[04]v32Hz.tdms
recordlrt - INFO - Opening file LRE20180314[05]v32Hz.tdms
recordlrt - INFO - Opened file LRE20180314[05]v32Hz.tdms
recordlrt - INFO - Opening file LRE20180314[06]v32Hz.tdms
recordlrt - INFO - Opened file LRE20180314[06]v32Hz.tdms
recordlrt - INFO - Opening file LRE20180314[07]v32Hz.tdms
recordlrt - INFO - Opened file LRE20180314[07]v32Hz.tdms
recordlrt - INFO - Opening file LRE20180314[08]v32Hz.tdms
recordlrt - INFO - Opened file LRE20180314[08]v32Hz.tdms
recordlrt - INFO - Opening file LRE20180314[09]v32Hz.tdms
recordlrt - INFO - Opened file LRE20180314[09]v32Hz.tdms
recordlrt - INFO - Opening file LRE20180314[10]v32Hz.tdms
recordlrt - INFO - Opened file LRE20180314[10]v32Hz.tdms
recordlrt - INFO - Opening file LRE20180314[11]v32Hz.tdms
recordlrt - INFO - Opened file LRE20180314[11]v32Hz.tdms
recordlrt - INFO - Opening file LRE20180314[12]v32Hz.tdms
recordlrt - INFO - Opened file LRE20180314[12]v32Hz.tdms
recordlrt - INFO - Opening file LRE20180314[13]v32Hz.tdms
recordlrt - INFO - Opened file LRE20180314[13]v32Hz.tdms
recordlrt - INFO - Opening file LRE20180314[14]v32Hz.tdms
recordlrt - INFO - Opened file LRE20180314[14]v32Hz.tdms
recordlrt - INFO - Opening file LRE20180314[15]v32Hz.tdms
recordlrt - INFO - Opened file LRE20180314[15]v32Hz.tdms
recordlrt - INFO - Opening file LRE20180314[16]v32Hz.tdms
recordlrt - INFO - Opened file LRE20180314[16]v32Hz.tdms
recordlrt - INFO - Opening file LRE20180314[17]v32Hz.tdms
recordlrt - INFO - Opened file LRE20180314[17]v32Hz.tdms
recordlrt - INFO - Opening file LRE20180314[18]v32Hz.tdms
recordlrt - INFO - Opened file LRE20180314[18]v32Hz.tdms
recordlrt - INFO - Opening file LRE20180314[19]v32Hz.tdms
recordlrt - INFO - Opened file LRE20180314[19]v32Hz.tdms
recordlrt - INFO - Opening file LRE20180314[20]v32Hz.tdms
recordlrt - INFO - Opened file LRE20180314[20]v32Hz.tdms
recordlrt - INFO - Opening file LRE20180314[21]v32Hz.tdms
recordlrt - INFO - Opened file LRE20180314[21]v32Hz.tdms
recordlrt - INFO - Opening file LRE20180314[22]v32Hz.tdms
recordlrt - INFO - Opened file LRE20180314[22]v32Hz.tdms
recordlrt - INFO - Opening file LRE20180314[23]v32Hz.tdms
recordlrt - INFO - Opened file LRE20180314[23]v32Hz.tdms
recordlrt - INFO - Opening file LRO20180314[00]v32Hz.tdms
recordlrt - INFO - Opened file LRO20180314[00]v32Hz.tdms
recordlrt - INFO - Opening file LRO20180314[01]v32Hz.tdms
recordlrt - INFO - Opened file LRO20180314[01]v32Hz.tdms
recordlrt - INFO - Opening file LRO20180314[02]v32Hz.tdms
recordlrt - INFO - Opened file LRO20180314[02]v32Hz.tdms
recordlrt - INFO - Opening file LRO20180314[03]v32Hz.tdms
recordlrt - INFO - Opened file LRO20180314[03]v32Hz.tdms
recordlrt - INFO - Opening file LRO20180314[04]v32Hz.tdms
recordlrt - INFO - Opened file LRO20180314[04]v32Hz.tdms
recordlrt - INFO - Opening file LRO20180314[05]v32Hz.tdms
recordlrt - INFO - Opened file LRO20180314[05]v32Hz.tdms
recordlrt - INFO - Opening file LRO20180314[06]v32Hz.tdms
recordlrt - INFO - Opened file LRO20180314[06]v32Hz.tdms
recordlrt - INFO - Opening file LRO20180314[07]v32Hz.tdms
recordlrt - INFO - Opened file LRO20180314[07]v32Hz.tdms
recordlrt - INFO - Opening file LRO20180314[08]v32Hz.tdms
recordlrt - INFO - Opened file LRO20180314[08]v32Hz.tdms
recordlrt - INFO - Opening file LRO20180314[09]v32Hz.tdms
recordlrt - INFO - Opened file LRO20180314[09]v32Hz.tdms
recordlrt - INFO - Opening file LRO20180314[10]v32Hz.tdms
recordlrt - INFO - Opened file LRO20180314[10]v32Hz.tdms
recordlrt - INFO - Opening file LRO20180314[11]v32Hz.tdms
recordlrt - INFO - Opened file LRO20180314[11]v32Hz.tdms
recordlrt - INFO - Opening file LRO20180314[12]v32Hz.tdms
recordlrt - INFO - Opened file LRO20180314[12]v32Hz.tdms
recordlrt - INFO - Opening file LRO20180314[13]v32Hz.tdms
recordlrt - INFO - Opened file LRO20180314[13]v32Hz.tdms
recordlrt - INFO - Opening file LRO20180314[14]v32Hz.tdms
recordlrt - INFO - Opened file LRO20180314[14]v32Hz.tdms
recordlrt - INFO - Opening file LRO20180314[15]v32Hz.tdms
recordlrt - INFO - Opened file LRO20180314[15]v32Hz.tdms
recordlrt - INFO - Opening file LRO20180314[16]v32Hz.tdms
recordlrt - INFO - Opened file LRO20180314[16]v32Hz.tdms
recordlrt - INFO - Opening file LRO20180314[17]v32Hz.tdms
recordlrt - INFO - Opened file LRO20180314[17]v32Hz.tdms
recordlrt - INFO - Opening file LRO20180314[18]v32Hz.tdms
recordlrt - INFO - Opened file LRO20180314[18]v32Hz.tdms
recordlrt - INFO - Opening file LRO20180314[19]v32Hz.tdms
recordlrt - INFO - Opened file LRO20180314[19]v32Hz.tdms
recordlrt - INFO - Opening file LRO20180314[20]v32Hz.tdms
recordlrt - INFO - Opened file LRO20180314[20]v32Hz.tdms
recordlrt - INFO - Opening file LRO20180314[21]v32Hz.tdms
recordlrt - INFO - Opened file LRO20180314[21]v32Hz.tdms
recordlrt - INFO - Opening file LRO20180314[22]v32Hz.tdms
recordlrt - INFO - Opened file LRO20180314[22]v32Hz.tdms
recordlrt - INFO - Opening file LRO20180314[23]v32Hz.tdms
recordlrt - INFO - Opened file LRO20180314[23]v32Hz.tdms
recordlrt - INFO - Opening file LRS20180314[00]v32Hz.tdms
recordlrt - WARNING - File Not Found LRS20180314[00]v32Hz.tdms                         Continuing to next file. 
recordlrt - INFO - Opening file LRS20180314[01]v32Hz.tdms
recordlrt - WARNING - File Not Found LRS20180314[01]v32Hz.tdms                         Continuing to next file. 
recordlrt - INFO - Opening file LRS20180314[02]v32Hz.tdms
recordlrt - WARNING - File Not Found LRS20180314[02]v32Hz.tdms                         Continuing to next file. 
recordlrt - INFO - Opening file LRS20180314[03]v32Hz.tdms
recordlrt - WARNING - File Not Found LRS20180314[03]v32Hz.tdms                         Continuing to next file. 
recordlrt - INFO - Opening file LRS20180314[04]v32Hz.tdms
recordlrt - WARNING - File Not Found LRS20180314[04]v32Hz.tdms                         Continuing to next file. 
recordlrt - INFO - Opening file LRS20180314[05]v32Hz.tdms
recordlrt - WARNING - File Not Found LRS20180314[05]v32Hz.tdms                         Continuing to next file. 
recordlrt - INFO - Opening file LRS20180314[06]v32Hz.tdms
recordlrt - WARNING - File Not Found LRS20180314[06]v32Hz.tdms                         Continuing to next file. 
recordlrt - INFO - Opening file LRS20180314[07]v32Hz.tdms
recordlrt - WARNING - File Not Found LRS20180314[07]v32Hz.tdms                         Continuing to next file. 
recordlrt - INFO - Opening file LRS20180314[08]v32Hz.tdms
recordlrt - WARNING - File Not Found LRS20180314[08]v32Hz.tdms                         Continuing to next file. 
recordlrt - INFO - Opening file LRS20180314[09]v32Hz.tdms
recordlrt - WARNING - File Not Found LRS20180314[09]v32Hz.tdms                         Continuing to next file. 
recordlrt - INFO - Opening file LRS20180314[10]v32Hz.tdms
recordlrt - WARNING - File Not Found LRS20180314[10]v32Hz.tdms                         Continuing to next file. 
recordlrt - INFO - Opening file LRS20180314[11]v32Hz.tdms
recordlrt - WARNING - File Not Found LRS20180314[11]v32Hz.tdms                         Continuing to next file. 
recordlrt - INFO - Opening file LRS20180314[12]v32Hz.tdms
recordlrt - WARNING - File Not Found LRS20180314[12]v32Hz.tdms                         Continuing to next file. 
recordlrt - INFO - Opening file LRS20180314[13]v32Hz.tdms
