recordlrt - INFO - Working on file: /home/akovachi/lrt_data/lrtRecords/lrtRecords0318.txt
recordlrt - INFO - Opening file LRE20180318[00]v32Hz.tdms
recordlrt - INFO - Opened file LRE20180318[00]v32Hz.tdms
recordlrt - INFO - Opening file LRE20180318[01]v32Hz.tdms
recordlrt - INFO - Opened file LRE20180318[01]v32Hz.tdms
recordlrt - INFO - Opening file LRE20180318[02]v32Hz.tdms
recordlrt - INFO - Opened file LRE20180318[02]v32Hz.tdms
recordlrt - INFO - Opening file LRE20180318[03]v32Hz.tdms
recordlrt - INFO - Opened file LRE20180318[03]v32Hz.tdms
recordlrt - INFO - Opening file LRE20180318[04]v32Hz.tdms
recordlrt - INFO - Opened file LRE20180318[04]v32Hz.tdms
recordlrt - INFO - Opening file LRE20180318[05]v32Hz.tdms
recordlrt - INFO - Opened file LRE20180318[05]v32Hz.tdms
recordlrt - INFO - Opening file LRE20180318[06]v32Hz.tdms
recordlrt - INFO - Opened file LRE20180318[06]v32Hz.tdms
recordlrt - INFO - Opening file LRE20180318[07]v32Hz.tdms
recordlrt - INFO - Opened file LRE20180318[07]v32Hz.tdms
recordlrt - INFO - Opening file LRE20180318[08]v32Hz.tdms
recordlrt - INFO - Opened file LRE20180318[08]v32Hz.tdms
recordlrt - INFO - Opening file LRE20180318[09]v32Hz.tdms
recordlrt - INFO - Opened file LRE20180318[09]v32Hz.tdms
recordlrt - INFO - Opening file LRE20180318[10]v32Hz.tdms
recordlrt - INFO - Opened file LRE20180318[10]v32Hz.tdms
recordlrt - INFO - Opening file LRE20180318[11]v32Hz.tdms
recordlrt - INFO - Opened file LRE20180318[11]v32Hz.tdms
recordlrt - INFO - Opening file LRE20180318[12]v32Hz.tdms
recordlrt - INFO - Opened file LRE20180318[12]v32Hz.tdms
recordlrt - INFO - Opening file LRE20180318[13]v32Hz.tdms
recordlrt - INFO - Opened file LRE20180318[13]v32Hz.tdms
recordlrt - INFO - Opening file LRE20180318[14]v32Hz.tdms
recordlrt - INFO - Opened file LRE20180318[14]v32Hz.tdms
recordlrt - INFO - Opening file LRE20180318[15]v32Hz.tdms
recordlrt - INFO - Opened file LRE20180318[15]v32Hz.tdms
recordlrt - INFO - Opening file LRE20180318[16]v32Hz.tdms
recordlrt - INFO - Opened file LRE20180318[16]v32Hz.tdms
recordlrt - INFO - Opening file LRE20180318[17]v32Hz.tdms
recordlrt - INFO - Opened file LRE20180318[17]v32Hz.tdms
recordlrt - INFO - Opening file LRE20180318[18]v32Hz.tdms
recordlrt - INFO - Opened file LRE20180318[18]v32Hz.tdms
recordlrt - INFO - Opening file LRE20180318[19]v32Hz.tdms
recordlrt - INFO - Opened file LRE20180318[19]v32Hz.tdms
recordlrt - INFO - Opening file LRE20180318[20]v32Hz.tdms
recordlrt - INFO - Opened file LRE20180318[20]v32Hz.tdms
recordlrt - INFO - Opening file LRE20180318[21]v32Hz.tdms
recordlrt - INFO - Opened file LRE20180318[21]v32Hz.tdms
recordlrt - INFO - Opening file LRE20180318[22]v32Hz.tdms
recordlrt - INFO - Opened file LRE20180318[22]v32Hz.tdms
recordlrt - INFO - Opening file LRE20180318[23]v32Hz.tdms
recordlrt - INFO - Opened file LRE20180318[23]v32Hz.tdms
recordlrt - INFO - Opening file LRO20180318[00]v32Hz.tdms
recordlrt - INFO - Opened file LRO20180318[00]v32Hz.tdms
recordlrt - INFO - Opening file LRO20180318[01]v32Hz.tdms
recordlrt - INFO - Opened file LRO20180318[01]v32Hz.tdms
recordlrt - INFO - Opening file LRO20180318[02]v32Hz.tdms
recordlrt - INFO - Opened file LRO20180318[02]v32Hz.tdms
recordlrt - INFO - Opening file LRO20180318[03]v32Hz.tdms
recordlrt - INFO - Opened file LRO20180318[03]v32Hz.tdms
recordlrt - INFO - Opening file LRO20180318[04]v32Hz.tdms
recordlrt - INFO - Opened file LRO20180318[04]v32Hz.tdms
recordlrt - INFO - Opening file LRO20180318[05]v32Hz.tdms
recordlrt - INFO - Opened file LRO20180318[05]v32Hz.tdms
recordlrt - INFO - Opening file LRO20180318[06]v32Hz.tdms
recordlrt - INFO - Opened file LRO20180318[06]v32Hz.tdms
recordlrt - INFO - Opening file LRO20180318[07]v32Hz.tdms
recordlrt - INFO - Opened file LRO20180318[07]v32Hz.tdms
recordlrt - INFO - Opening file LRO20180318[08]v32Hz.tdms
recordlrt - INFO - Opened file LRO20180318[08]v32Hz.tdms
recordlrt - INFO - Opening file LRO20180318[09]v32Hz.tdms
recordlrt - INFO - Opened file LRO20180318[09]v32Hz.tdms
recordlrt - INFO - Opening file LRO20180318[10]v32Hz.tdms
recordlrt - INFO - Opened file LRO20180318[10]v32Hz.tdms
recordlrt - INFO - Opening file LRO20180318[11]v32Hz.tdms
recordlrt - INFO - Opened file LRO20180318[11]v32Hz.tdms
recordlrt - INFO - Opening file LRO20180318[12]v32Hz.tdms
recordlrt - INFO - Opened file LRO20180318[12]v32Hz.tdms
recordlrt - INFO - Opening file LRO20180318[13]v32Hz.tdms
recordlrt - INFO - Opened file LRO20180318[13]v32Hz.tdms
recordlrt - INFO - Opening file LRO20180318[14]v32Hz.tdms
recordlrt - INFO - Opened file LRO20180318[14]v32Hz.tdms
recordlrt - INFO - Opening file LRO20180318[15]v32Hz.tdms
recordlrt - INFO - Opened file LRO20180318[15]v32Hz.tdms
recordlrt - INFO - Opening file LRO20180318[16]v32Hz.tdms
recordlrt - INFO - Opened file LRO20180318[16]v32Hz.tdms
recordlrt - INFO - Opening file LRO20180318[17]v32Hz.tdms
recordlrt - INFO - Opened file LRO20180318[17]v32Hz.tdms
recordlrt - INFO - Opening file LRO20180318[18]v32Hz.tdms
recordlrt - INFO - Opened file LRO20180318[18]v32Hz.tdms
recordlrt - INFO - Opening file LRO20180318[19]v32Hz.tdms
recordlrt - INFO - Opened file LRO20180318[19]v32Hz.tdms
recordlrt - INFO - Opening file LRO20180318[20]v32Hz.tdms
recordlrt - INFO - Opened file LRO20180318[20]v32Hz.tdms
recordlrt - INFO - Opening file LRO20180318[21]v32Hz.tdms
recordlrt - INFO - Opened file LRO20180318[21]v32Hz.tdms
recordlrt - INFO - Opening file LRO20180318[22]v32Hz.tdms
recordlrt - INFO - Opened file LRO20180318[22]v32Hz.tdms
recordlrt - INFO - Opening file LRO20180318[23]v32Hz.tdms
recordlrt - INFO - Opened file LRO20180318[23]v32Hz.tdms
recordlrt - INFO - Opening file LRS20180318[00]v32Hz.tdms
recordlrt - INFO - Opened file LRS20180318[00]v32Hz.tdms
recordlrt - INFO - Opening file LRS20180318[01]v32Hz.tdms
recordlrt - INFO - Opened file LRS20180318[01]v32Hz.tdms
recordlrt - INFO - Opening file LRS20180318[02]v32Hz.tdms
recordlrt - INFO - Opened file LRS20180318[02]v32Hz.tdms
recordlrt - INFO - Opening file LRS20180318[03]v32Hz.tdms
recordlrt - INFO - Opened file LRS20180318[03]v32Hz.tdms
recordlrt - INFO - Opening file LRS20180318[04]v32Hz.tdms
recordlrt - INFO - Opened file LRS20180318[04]v32Hz.tdms
recordlrt - INFO - Opening file LRS20180318[05]v32Hz.tdms
recordlrt - INFO - Opened file LRS20180318[05]v32Hz.tdms
recordlrt - INFO - Opening file LRS20180318[06]v32Hz.tdms
recordlrt - INFO - Opened file LRS20180318[06]v32Hz.tdms
recordlrt - INFO - Opening file LRS20180318[07]v32Hz.tdms
recordlrt - INFO - Opened file LRS20180318[07]v32Hz.tdms
recordlrt - INFO - Opening file LRS20180318[08]v32Hz.tdms
recordlrt - INFO - Opened file LRS20180318[08]v32Hz.tdms
recordlrt - INFO - Opening file LRS20180318[09]v32Hz.tdms
recordlrt - INFO - Opened file LRS20180318[09]v32Hz.tdms
recordlrt - INFO - Opening file LRS20180318[10]v32Hz.tdms
recordlrt - INFO - Opened file LRS20180318[10]v32Hz.tdms
recordlrt - INFO - Opening file LRS20180318[11]v32Hz.tdms
recordlrt - INFO - Opened file LRS20180318[11]v32Hz.tdms
recordlrt - INFO - Opening file LRS20180318[12]v32Hz.tdms
recordlrt - INFO - Opened file LRS20180318[12]v32Hz.tdms
recordlrt - INFO - Opening file LRS20180318[13]v32Hz.tdms
recordlrt - INFO - Opened file LRS20180318[13]v32Hz.tdms
recordlrt - INFO - Opening file LRS20180318[14]v32Hz.tdms
recordlrt - INFO - Opened file LRS20180318[14]v32Hz.tdms
recordlrt - INFO - Opening file LRS20180318[15]v32Hz.tdms
recordlrt - INFO - Opened file LRS20180318[15]v32Hz.tdms
recordlrt - INFO - Opening file LRS20180318[16]v32Hz.tdms
recordlrt - INFO - Opened file LRS20180318[16]v32Hz.tdms
recordlrt - INFO - Opening file LRS20180318[17]v32Hz.tdms
recordlrt - INFO - Opened file LRS20180318[17]v32Hz.tdms
recordlrt - INFO - Opening file LRS20180318[18]v32Hz.tdms
recordlrt - INFO - Opened file LRS20180318[18]v32Hz.tdms
recordlrt - INFO - Opening file LRS20180318[19]v32Hz.tdms
recordlrt - INFO - Opened file LRS20180318[19]v32Hz.tdms
recordlrt - INFO - Opening file LRS20180318[20]v32Hz.tdms
recordlrt - INFO - Opened file LRS20180318[20]v32Hz.tdms
recordlrt - INFO - Opening file LRS20180318[21]v32Hz.tdms
recordlrt - INFO - Opened file LRS20180318[21]v32Hz.tdms
recordlrt - INFO - Opening file LRS20180318[22]v32Hz.tdms
recordlrt - INFO - Opened file LRS20180318[22]v32Hz.tdms
recordlrt - INFO - Opening file LRS20180318[23]v32Hz.tdms
recordlrt - INFO - Opened file LRS20180318[23]v32Hz.tdms
