__main__ - WARNING - File not found for LRS20190319[18]v32Hz.tdms
__main__ - WARNING - File not found for LRE20200319[01]v32Hz.tdms
__main__ - WARNING - File not found for LRE20200319[02]v32Hz.tdms
__main__ - WARNING - File not found for LRE20200319[03]v32Hz.tdms
__main__ - WARNING - File not found for LRE20200319[04]v32Hz.tdms
__main__ - WARNING - File not found for LRE20200319[05]v32Hz.tdms
__main__ - WARNING - File not found for LRE20200319[06]v32Hz.tdms
__main__ - WARNING - File not found for LRE20200319[07]v32Hz.tdms
__main__ - WARNING - File not found for LRE20200319[08]v32Hz.tdms
__main__ - WARNING - File not found for LRE20200319[09]v32Hz.tdms
__main__ - WARNING - File not found for LRE20200319[10]v32Hz.tdms
__main__ - WARNING - File not found for LRE20200319[11]v32Hz.tdms
__main__ - WARNING - File not found for LRE20200319[12]v32Hz.tdms
__main__ - WARNING - File not found for LRE20200319[13]v32Hz.tdms
__main__ - WARNING - File not found for LRE20200319[14]v32Hz.tdms
__main__ - WARNING - File not found for LRE20200319[15]v32Hz.tdms
__main__ - WARNING - File not found for LRE20200319[16]v32Hz.tdms
__main__ - WARNING - File not found for LRE20200319[17]v32Hz.tdms
__main__ - WARNING - File not found for LRE20200319[18]v32Hz.tdms
__main__ - WARNING - File not found for LRE20200319[19]v32Hz.tdms
__main__ - WARNING - File not found for LRE20200319[20]v32Hz.tdms
__main__ - WARNING - File not found for LRE20200319[21]v32Hz.tdms
__main__ - WARNING - File not found for LRE20200319[22]v32Hz.tdms
__main__ - WARNING - File not found for LRE20200319[23]v32Hz.tdms
__main__ - WARNING - File not found for LRE20200319v1sec.tdms
__main__ - WARNING - File not found for LRO20200319[01]v32Hz.tdms
__main__ - WARNING - File not found for LRO20200319[02]v32Hz.tdms
__main__ - WARNING - File not found for LRO20200319[03]v32Hz.tdms
__main__ - WARNING - File not found for LRO20200319[04]v32Hz.tdms
__main__ - WARNING - File not found for LRO20200319[05]v32Hz.tdms
__main__ - WARNING - File not found for LRO20200319[06]v32Hz.tdms
__main__ - WARNING - File not found for LRO20200319[07]v32Hz.tdms
__main__ - WARNING - File not found for LRO20200319[08]v32Hz.tdms
__main__ - WARNING - File not found for LRO20200319[09]v32Hz.tdms
__main__ - WARNING - File not found for LRO20200319[10]v32Hz.tdms
__main__ - WARNING - File not found for LRO20200319[11]v32Hz.tdms
__main__ - WARNING - File not found for LRO20200319[12]v32Hz.tdms
__main__ - WARNING - File not found for LRO20200319[13]v32Hz.tdms
__main__ - WARNING - File not found for LRO20200319[14]v32Hz.tdms
__main__ - WARNING - File not found for LRO20200319[15]v32Hz.tdms
__main__ - WARNING - File not found for LRO20200319[16]v32Hz.tdms
__main__ - WARNING - File not found for LRO20200319[17]v32Hz.tdms
__main__ - WARNING - File not found for LRO20200319[18]v32Hz.tdms
__main__ - WARNING - File not found for LRO20200319[19]v32Hz.tdms
__main__ - WARNING - File not found for LRO20200319[20]v32Hz.tdms
__main__ - WARNING - File not found for LRO20200319[21]v32Hz.tdms
__main__ - WARNING - File not found for LRO20200319[22]v32Hz.tdms
__main__ - WARNING - File not found for LRO20200319[23]v32Hz.tdms
__main__ - WARNING - File not found for LRO20200319v1sec.tdms
__main__ - WARNING - File not found for LRS20200319[01]v32Hz.tdms
__main__ - WARNING - File not found for LRS20200319[02]v32Hz.tdms
__main__ - WARNING - File not found for LRS20200319[03]v32Hz.tdms
__main__ - WARNING - File not found for LRS20200319[04]v32Hz.tdms
__main__ - WARNING - File not found for LRS20200319[05]v32Hz.tdms
__main__ - WARNING - File not found for LRS20200319[06]v32Hz.tdms
__main__ - WARNING - File not found for LRS20200319[07]v32Hz.tdms
__main__ - WARNING - File not found for LRS20200319[08]v32Hz.tdms
__main__ - WARNING - File not found for LRS20200319[09]v32Hz.tdms
__main__ - WARNING - File not found for LRS20200319[10]v32Hz.tdms
__main__ - WARNING - File not found for LRS20200319[11]v32Hz.tdms
__main__ - WARNING - File not found for LRS20200319[12]v32Hz.tdms
__main__ - WARNING - File not found for LRS20200319[13]v32Hz.tdms
__main__ - WARNING - File not found for LRS20200319[14]v32Hz.tdms
__main__ - WARNING - File not found for LRS20200319[15]v32Hz.tdms
__main__ - WARNING - File not found for LRS20200319[16]v32Hz.tdms
__main__ - WARNING - File not found for LRS20200319[17]v32Hz.tdms
__main__ - WARNING - File not found for LRS20200319[18]v32Hz.tdms
__main__ - WARNING - File not found for LRS20200319[19]v32Hz.tdms
__main__ - WARNING - File not found for LRS20200319[20]v32Hz.tdms
__main__ - WARNING - File not found for LRS20200319[21]v32Hz.tdms
__main__ - WARNING - File not found for LRS20200319[22]v32Hz.tdms
__main__ - WARNING - File not found for LRS20200319[23]v32Hz.tdms
__main__ - WARNING - File not found for LRS20200319v1sec.tdms
__main__ - WARNING - File not found for LRE20210319[01]v100Hz.tdms
__main__ - WARNING - File not found for LRE20210319[02]v100Hz.tdms
__main__ - WARNING - File not found for LRE20210319[03]v100Hz.tdms
__main__ - WARNING - File not found for LRE20210319[04]v100Hz.tdms
__main__ - WARNING - File not found for LRE20210319[05]v100Hz.tdms
__main__ - WARNING - File not found for LRE20210319[06]v100Hz.tdms
__main__ - WARNING - File not found for LRE20210319[07]v100Hz.tdms
__main__ - WARNING - File not found for LRE20210319[08]v100Hz.tdms
__main__ - WARNING - File not found for LRE20210319[09]v100Hz.tdms
__main__ - WARNING - File not found for LRE20210319[10]v100Hz.tdms
__main__ - WARNING - File not found for LRE20210319[11]v100Hz.tdms
__main__ - WARNING - File not found for LRE20210319[12]v100Hz.tdms
__main__ - WARNING - File not found for LRE20210319[13]v100Hz.tdms
__main__ - WARNING - File not found for LRE20210319[14]v100Hz.tdms
__main__ - WARNING - File not found for LRE20210319[15]v100Hz.tdms
__main__ - WARNING - File not found for LRE20210319[16]v100Hz.tdms
__main__ - WARNING - File not found for LRE20210319[17]v100Hz.tdms
__main__ - WARNING - File not found for LRE20210319[18]v100Hz.tdms
__main__ - WARNING - File not found for LRE20210319[19]v100Hz.tdms
__main__ - WARNING - File not found for LRE20210319[20]v100Hz.tdms
__main__ - WARNING - File not found for LRE20210319[21]v100Hz.tdms
__main__ - WARNING - File not found for LRE20210319[22]v100Hz.tdms
__main__ - WARNING - File not found for LRE20210319[23]v100Hz.tdms
__main__ - WARNING - File not found for LRO20210319[01]v100Hz.tdms
__main__ - WARNING - File not found for LRO20210319[02]v100Hz.tdms
__main__ - WARNING - File not found for LRO20210319[03]v100Hz.tdms
__main__ - WARNING - File not found for LRO20210319[04]v100Hz.tdms
__main__ - WARNING - File not found for LRO20210319[05]v100Hz.tdms
__main__ - WARNING - File not found for LRO20210319[06]v100Hz.tdms
__main__ - WARNING - File not found for LRO20210319[07]v100Hz.tdms
__main__ - WARNING - File not found for LRO20210319[08]v100Hz.tdms
__main__ - WARNING - File not found for LRO20210319[09]v100Hz.tdms
__main__ - WARNING - File not found for LRO20210319[10]v100Hz.tdms
__main__ - WARNING - File not found for LRO20210319[11]v100Hz.tdms
__main__ - WARNING - File not found for LRO20210319[12]v100Hz.tdms
__main__ - WARNING - File not found for LRO20210319[13]v100Hz.tdms
__main__ - WARNING - File not found for LRO20210319[14]v100Hz.tdms
__main__ - WARNING - File not found for LRO20210319[15]v100Hz.tdms
__main__ - WARNING - File not found for LRO20210319[16]v100Hz.tdms
__main__ - WARNING - File not found for LRO20210319[17]v100Hz.tdms
__main__ - WARNING - File not found for LRO20210319[18]v100Hz.tdms
__main__ - WARNING - File not found for LRO20210319[19]v100Hz.tdms
__main__ - WARNING - File not found for LRO20210319[20]v100Hz.tdms
__main__ - WARNING - File not found for LRO20210319[21]v100Hz.tdms
__main__ - WARNING - File not found for LRO20210319[22]v100Hz.tdms
__main__ - WARNING - File not found for LRO20210319[23]v100Hz.tdms
__main__ - WARNING - File not found for LRS20210319[01]v100Hz.tdms
__main__ - WARNING - File not found for LRS20210319[02]v100Hz.tdms
__main__ - WARNING - File not found for LRS20210319[03]v100Hz.tdms
__main__ - WARNING - File not found for LRS20210319[04]v100Hz.tdms
__main__ - WARNING - File not found for LRS20210319[05]v100Hz.tdms
__main__ - WARNING - File not found for LRS20210319[06]v100Hz.tdms
__main__ - WARNING - File not found for LRS20210319[07]v100Hz.tdms
__main__ - WARNING - File not found for LRS20210319[08]v100Hz.tdms
__main__ - WARNING - File not found for LRS20210319[09]v100Hz.tdms
__main__ - WARNING - File not found for LRS20210319[10]v100Hz.tdms
__main__ - WARNING - File not found for LRS20210319[11]v100Hz.tdms
__main__ - WARNING - File not found for LRS20210319[12]v100Hz.tdms
__main__ - WARNING - File not found for LRS20210319[13]v100Hz.tdms
__main__ - WARNING - File not found for LRS20210319[14]v100Hz.tdms
__main__ - WARNING - File not found for LRS20210319[15]v100Hz.tdms
__main__ - WARNING - File not found for LRS20210319[16]v100Hz.tdms
__main__ - WARNING - File not found for LRS20210319[17]v100Hz.tdms
__main__ - WARNING - File not found for LRS20210319[18]v100Hz.tdms
__main__ - WARNING - File not found for LRS20210319[19]v100Hz.tdms
__main__ - WARNING - File not found for LRS20210319[20]v100Hz.tdms
__main__ - WARNING - File not found for LRS20210319[21]v100Hz.tdms
__main__ - WARNING - File not found for LRS20210319[22]v100Hz.tdms
__main__ - WARNING - File not found for LRS20210319[23]v100Hz.tdms
