__main__ - WARNING - File not found for LRE20200318[01]v32Hz.tdms
__main__ - WARNING - File not found for LRE20200318[02]v32Hz.tdms
__main__ - WARNING - File not found for LRE20200318[03]v32Hz.tdms
__main__ - WARNING - File not found for LRE20200318[04]v32Hz.tdms
__main__ - WARNING - File not found for LRE20200318[05]v32Hz.tdms
__main__ - WARNING - File not found for LRE20200318[06]v32Hz.tdms
__main__ - WARNING - File not found for LRE20200318[07]v32Hz.tdms
__main__ - WARNING - File not found for LRE20200318[08]v32Hz.tdms
__main__ - WARNING - File not found for LRE20200318[09]v32Hz.tdms
__main__ - WARNING - File not found for LRE20200318[10]v32Hz.tdms
__main__ - WARNING - File not found for LRE20200318[11]v32Hz.tdms
__main__ - WARNING - File not found for LRE20200318[12]v32Hz.tdms
__main__ - WARNING - File not found for LRE20200318[13]v32Hz.tdms
__main__ - WARNING - File not found for LRE20200318[14]v32Hz.tdms
__main__ - WARNING - File not found for LRE20200318[15]v32Hz.tdms
__main__ - WARNING - File not found for LRE20200318[16]v32Hz.tdms
__main__ - WARNING - File not found for LRE20200318[17]v32Hz.tdms
__main__ - WARNING - File not found for LRE20200318[18]v32Hz.tdms
__main__ - WARNING - File not found for LRE20200318[19]v32Hz.tdms
__main__ - WARNING - File not found for LRE20200318[20]v32Hz.tdms
__main__ - WARNING - File not found for LRE20200318[21]v32Hz.tdms
__main__ - WARNING - File not found for LRE20200318[22]v32Hz.tdms
__main__ - WARNING - File not found for LRE20200318[23]v32Hz.tdms
__main__ - WARNING - File not found for LRE20200318v1sec.tdms
__main__ - WARNING - File not found for LRO20200318[01]v32Hz.tdms
__main__ - WARNING - File not found for LRO20200318[02]v32Hz.tdms
__main__ - WARNING - File not found for LRO20200318[03]v32Hz.tdms
__main__ - WARNING - File not found for LRO20200318[04]v32Hz.tdms
__main__ - WARNING - File not found for LRO20200318[05]v32Hz.tdms
__main__ - WARNING - File not found for LRO20200318[06]v32Hz.tdms
__main__ - WARNING - File not found for LRO20200318[07]v32Hz.tdms
__main__ - WARNING - File not found for LRO20200318[08]v32Hz.tdms
__main__ - WARNING - File not found for LRO20200318[09]v32Hz.tdms
__main__ - WARNING - File not found for LRO20200318[10]v32Hz.tdms
__main__ - WARNING - File not found for LRO20200318[11]v32Hz.tdms
__main__ - WARNING - File not found for LRO20200318[12]v32Hz.tdms
__main__ - WARNING - File not found for LRO20200318[13]v32Hz.tdms
__main__ - WARNING - File not found for LRO20200318[14]v32Hz.tdms
__main__ - WARNING - File not found for LRO20200318[15]v32Hz.tdms
__main__ - WARNING - File not found for LRO20200318[16]v32Hz.tdms
__main__ - WARNING - File not found for LRO20200318[17]v32Hz.tdms
__main__ - WARNING - File not found for LRO20200318[18]v32Hz.tdms
__main__ - WARNING - File not found for LRO20200318[19]v32Hz.tdms
__main__ - WARNING - File not found for LRO20200318[20]v32Hz.tdms
__main__ - WARNING - File not found for LRO20200318[21]v32Hz.tdms
__main__ - WARNING - File not found for LRO20200318[22]v32Hz.tdms
__main__ - WARNING - File not found for LRO20200318[23]v32Hz.tdms
__main__ - WARNING - File not found for LRO20200318v1sec.tdms
__main__ - WARNING - File not found for LRS20200318[01]v32Hz.tdms
__main__ - WARNING - File not found for LRS20200318[02]v32Hz.tdms
__main__ - WARNING - File not found for LRS20200318[03]v32Hz.tdms
__main__ - WARNING - File not found for LRS20200318[04]v32Hz.tdms
__main__ - WARNING - File not found for LRS20200318[05]v32Hz.tdms
__main__ - WARNING - File not found for LRS20200318[06]v32Hz.tdms
__main__ - WARNING - File not found for LRS20200318[07]v32Hz.tdms
__main__ - WARNING - File not found for LRS20200318[08]v32Hz.tdms
__main__ - WARNING - File not found for LRS20200318[09]v32Hz.tdms
__main__ - WARNING - File not found for LRS20200318[10]v32Hz.tdms
__main__ - WARNING - File not found for LRS20200318[11]v32Hz.tdms
__main__ - WARNING - File not found for LRS20200318[12]v32Hz.tdms
__main__ - WARNING - File not found for LRS20200318[13]v32Hz.tdms
__main__ - WARNING - File not found for LRS20200318[14]v32Hz.tdms
__main__ - WARNING - File not found for LRS20200318[15]v32Hz.tdms
__main__ - WARNING - File not found for LRS20200318[16]v32Hz.tdms
__main__ - WARNING - File not found for LRS20200318[17]v32Hz.tdms
__main__ - WARNING - File not found for LRS20200318[18]v32Hz.tdms
__main__ - WARNING - File not found for LRS20200318[19]v32Hz.tdms
__main__ - WARNING - File not found for LRS20200318[20]v32Hz.tdms
__main__ - WARNING - File not found for LRS20200318[21]v32Hz.tdms
__main__ - WARNING - File not found for LRS20200318[22]v32Hz.tdms
__main__ - WARNING - File not found for LRS20200318[23]v32Hz.tdms
__main__ - WARNING - File not found for LRS20200318v1sec.tdms
__main__ - WARNING - File not found for LRE20210318[01]v100Hz.tdms
__main__ - WARNING - File not found for LRE20210318[02]v100Hz.tdms
__main__ - WARNING - File not found for LRE20210318[03]v100Hz.tdms
__main__ - WARNING - File not found for LRE20210318[04]v100Hz.tdms
__main__ - WARNING - File not found for LRE20210318[05]v100Hz.tdms
__main__ - WARNING - File not found for LRE20210318[06]v100Hz.tdms
__main__ - WARNING - File not found for LRE20210318[07]v100Hz.tdms
__main__ - WARNING - File not found for LRE20210318[08]v100Hz.tdms
__main__ - WARNING - File not found for LRE20210318[09]v100Hz.tdms
__main__ - WARNING - File not found for LRE20210318[10]v100Hz.tdms
__main__ - WARNING - File not found for LRE20210318[11]v100Hz.tdms
__main__ - WARNING - File not found for LRE20210318[12]v100Hz.tdms
__main__ - WARNING - File not found for LRE20210318[13]v100Hz.tdms
__main__ - WARNING - File not found for LRE20210318[14]v100Hz.tdms
__main__ - WARNING - File not found for LRE20210318[15]v100Hz.tdms
__main__ - WARNING - File not found for LRE20210318[16]v100Hz.tdms
__main__ - WARNING - File not found for LRE20210318[17]v100Hz.tdms
__main__ - WARNING - File not found for LRE20210318[18]v100Hz.tdms
__main__ - WARNING - File not found for LRE20210318[19]v100Hz.tdms
__main__ - WARNING - File not found for LRE20210318[20]v100Hz.tdms
__main__ - WARNING - File not found for LRE20210318[21]v100Hz.tdms
__main__ - WARNING - File not found for LRE20210318[22]v100Hz.tdms
__main__ - WARNING - File not found for LRE20210318[23]v100Hz.tdms
__main__ - WARNING - File not found for LRO20210318[01]v100Hz.tdms
__main__ - WARNING - File not found for LRO20210318[02]v100Hz.tdms
__main__ - WARNING - File not found for LRO20210318[03]v100Hz.tdms
__main__ - WARNING - File not found for LRO20210318[04]v100Hz.tdms
__main__ - WARNING - File not found for LRO20210318[05]v100Hz.tdms
__main__ - WARNING - File not found for LRO20210318[06]v100Hz.tdms
__main__ - WARNING - File not found for LRO20210318[07]v100Hz.tdms
__main__ - WARNING - File not found for LRO20210318[08]v100Hz.tdms
__main__ - WARNING - File not found for LRO20210318[09]v100Hz.tdms
__main__ - WARNING - File not found for LRO20210318[10]v100Hz.tdms
__main__ - WARNING - File not found for LRO20210318[11]v100Hz.tdms
__main__ - WARNING - File not found for LRO20210318[12]v100Hz.tdms
__main__ - WARNING - File not found for LRO20210318[13]v100Hz.tdms
__main__ - WARNING - File not found for LRO20210318[14]v100Hz.tdms
__main__ - WARNING - File not found for LRO20210318[15]v100Hz.tdms
__main__ - WARNING - File not found for LRO20210318[16]v100Hz.tdms
__main__ - WARNING - File not found for LRO20210318[17]v100Hz.tdms
__main__ - WARNING - File not found for LRO20210318[18]v100Hz.tdms
__main__ - WARNING - File not found for LRO20210318[19]v100Hz.tdms
__main__ - WARNING - File not found for LRO20210318[20]v100Hz.tdms
__main__ - WARNING - File not found for LRO20210318[21]v100Hz.tdms
__main__ - WARNING - File not found for LRO20210318[22]v100Hz.tdms
__main__ - WARNING - File not found for LRO20210318[23]v100Hz.tdms
__main__ - WARNING - File not found for LRS20210318[01]v100Hz.tdms
__main__ - WARNING - File not found for LRS20210318[02]v100Hz.tdms
__main__ - WARNING - File not found for LRS20210318[03]v100Hz.tdms
__main__ - WARNING - File not found for LRS20210318[04]v100Hz.tdms
__main__ - WARNING - File not found for LRS20210318[05]v100Hz.tdms
__main__ - WARNING - File not found for LRS20210318[06]v100Hz.tdms
__main__ - WARNING - File not found for LRS20210318[07]v100Hz.tdms
__main__ - WARNING - File not found for LRS20210318[08]v100Hz.tdms
__main__ - WARNING - File not found for LRS20210318[09]v100Hz.tdms
__main__ - WARNING - File not found for LRS20210318[10]v100Hz.tdms
__main__ - WARNING - File not found for LRS20210318[11]v100Hz.tdms
__main__ - WARNING - File not found for LRS20210318[12]v100Hz.tdms
__main__ - WARNING - File not found for LRS20210318[13]v100Hz.tdms
__main__ - WARNING - File not found for LRS20210318[14]v100Hz.tdms
__main__ - WARNING - File not found for LRS20210318[15]v100Hz.tdms
__main__ - WARNING - File not found for LRS20210318[16]v100Hz.tdms
__main__ - WARNING - File not found for LRS20210318[17]v100Hz.tdms
__main__ - WARNING - File not found for LRS20210318[18]v100Hz.tdms
__main__ - WARNING - File not found for LRS20210318[19]v100Hz.tdms
__main__ - WARNING - File not found for LRS20210318[20]v100Hz.tdms
__main__ - WARNING - File not found for LRS20210318[21]v100Hz.tdms
__main__ - WARNING - File not found for LRS20210318[22]v100Hz.tdms
__main__ - WARNING - File not found for LRS20210318[23]v100Hz.tdms
