rt1hz - INFO - Got previous Day
rt1hz - INFO - Hour 00 fine
rt1hz - INFO - Hour 01 fine
rt1hz - INFO - Hour 02 fine
rt1hz - INFO - Hour 03 fine
rt1hz - INFO - Hour 04 fine
rt1hz - INFO - Hour 05 fine
rt1hz - INFO - Hour 06 fine
rt1hz - INFO - Hour 07 fine
rt1hz - INFO - Hour 08 fine
rt1hz - INFO - Hour 09 fine
rt1hz - INFO - Hour 10 fine
rt1hz - INFO - Hour 11 fine
rt1hz - INFO - Hour 12 fine
rt1hz - INFO - Hour 13 fine
rt1hz - INFO - Hour 14 fine
rt1hz - INFO - Hour 15 fine
rt1hz - INFO - Hour 16 fine
rt1hz - INFO - Hour 17 fine
rt1hz - INFO - Hour 18 fine
rt1hz - INFO - Hour 19 fine
rt1hz - INFO - Hour 20 fine
rt1hz - INFO - Hour 21 fine
rt1hz - INFO - Hour 22 fine
rt1hz - INFO - Hour 23 fine
rt1hz - INFO - Got next Day
rt1hz - DEBUG - Before any filteringData len: 2995208 Data looks like: [ 50805.69140625  50805.62109375  50805.6640625  ...,  50859.28125
  50859.265625    50859.22265625]
rt1hz - INFO - Done
rt1hz - INFO - Got previous Day
rt1hz - INFO - Hour 00 fine
rt1hz - INFO - Hour 01 fine
rt1hz - INFO - Hour 02 fine
rt1hz - INFO - Hour 03 fine
rt1hz - INFO - Hour 04 fine
rt1hz - INFO - Hour 05 fine
rt1hz - INFO - Hour 06 fine
rt1hz - INFO - Hour 07 fine
rt1hz - INFO - Hour 08 fine
rt1hz - INFO - Hour 09 fine
rt1hz - INFO - Hour 10 fine
rt1hz - INFO - Hour 11 fine
rt1hz - INFO - Hour 12 fine
rt1hz - INFO - Hour 13 fine
rt1hz - INFO - Hour 14 fine
rt1hz - INFO - Hour 15 fine
rt1hz - INFO - Hour 16 fine
rt1hz - INFO - Hour 17 fine
rt1hz - INFO - Hour 18 fine
rt1hz - INFO - Hour 19 fine
rt1hz - INFO - Hour 20 fine
rt1hz - INFO - Hour 21 fine
rt1hz - INFO - Hour 22 fine
rt1hz - INFO - Hour 23 fine
rt1hz - INFO - Got next Day
rt1hz - DEBUG - Before any filteringData len: 2995209 Data looks like: [ 50409.12109375  50409.2421875   50409.17578125 ...,  50426.50390625
  50426.5625      50426.5546875 ]
rt1hz - INFO - Done
rt1hz - INFO - Got previous Day
rt1hz - INFO - Hour 00 fine
rt1hz - INFO - Hour 01 fine
rt1hz - INFO - Hour 02 fine
rt1hz - INFO - Hour 03 fine
rt1hz - INFO - Hour 04 fine
rt1hz - INFO - Hour 05 fine
rt1hz - INFO - Hour 06 fine
rt1hz - INFO - Hour 07 fine
rt1hz - INFO - Hour 08 fine
rt1hz - INFO - Hour 09 fine
rt1hz - INFO - Hour 10 fine
rt1hz - INFO - Hour 11 fine
rt1hz - INFO - Hour 12 fine
rt1hz - INFO - Hour 13 fine
rt1hz - INFO - Hour 14 fine
rt1hz - INFO - Hour 15 fine
rt1hz - INFO - Hour 16 fine
rt1hz - INFO - Hour 17 fine
rt1hz - INFO - Hour 18 fine
rt1hz - INFO - Hour 19 fine
rt1hz - INFO - Hour 20 fine
rt1hz - INFO - Hour 21 fine
rt1hz - INFO - Hour 22 fine
rt1hz - INFO - Hour 23 fine
rt1hz - INFO - Got next Day
rt1hz - DEBUG - Before any filteringData len: 2995209 Data looks like: [ 47509.6484375   47509.7421875   47509.66796875 ...,  47571.51171875
  47571.51171875  47571.5234375 ]
rt1hz - INFO - Done
