graphing - INFO - Working on file LRE 2018-03-17, v32Hz
graphing - INFO - Working on hour 02
graphing - INFO - Got OTT data
graphing - INFO - Got LRT data
graphing - INFO - Creating plot...
graphing - INFO - Reformated Data
graphing - INFO - Plotted LRE
graphing - INFO - Plotted OTT
graphing - INFO - Plotter RoC
graphing - INFO - Added plot details
graphing - INFO - Plotted LRE
graphing - INFO - Plotted OTT
graphing - INFO - Plotter RoC
graphing - INFO - Added plot details
graphing - INFO - Plotted LRE
graphing - INFO - Plotted OTT
graphing - INFO - Plotter RoC
graphing - INFO - Added plot details
graphing - INFO - Plot completed and saved to /home/akovachi/lrt_data/plots/LRE/2018/03/17/LRE20180317[32hz][02].png
graphing - INFO - Working on file LRE 2018-03-17, v32Hz
graphing - INFO - Working on hour 02
graphing - INFO - Got OTT data
graphing - INFO - Got LRT data
graphing - INFO - Creating plot...
graphing - INFO - Reformated Data
graphing - INFO - Plotted LRE
graphing - INFO - Plotted OTT
graphing - INFO - Plotter RoC
graphing - INFO - Added plot details
graphing - INFO - Plotted LRE
graphing - INFO - Plotted OTT
graphing - INFO - Plotter RoC
graphing - INFO - Added plot details
graphing - INFO - Plotted LRE
graphing - INFO - Plotted OTT
graphing - INFO - Plotter RoC
graphing - INFO - Added plot details
graphing - INFO - Plot completed and saved to /home/akovachi/lrt_data/plots/LRE/2018/03/17/LRE20180317[32hz][02].png
graphing - INFO - Working on file LRE 2018-03-17, v32Hz
graphing - INFO - Working on hour 02
graphing - INFO - Got OTT data
graphing - INFO - Got LRT data
graphing - INFO - Creating plot...
graphing - INFO - Reformated Data
graphing - INFO - Plotted LRE
graphing - INFO - Plotted OTT
graphing - INFO - Plotter RoC
graphing - INFO - Added plot details
graphing - INFO - Plotted LRE
graphing - INFO - Plotted OTT
graphing - INFO - Plotter RoC
graphing - INFO - Added plot details
graphing - INFO - Plotted LRE
graphing - INFO - Plotted OTT
graphing - INFO - Plotter RoC
graphing - INFO - Added plot details
graphing - INFO - Plot completed and saved to /home/akovachi/lrt_data/plots/LRE/2018/03/17/LRE20180317[32hz][02].png
graphing - INFO - Working on file LRE 2018-03-17, v32Hz
graphing - INFO - Working on hour 03
graphing - INFO - Got OTT data
graphing - INFO - Got LRT data
graphing - INFO - Creating plot...
graphing - INFO - Reformated Data
graphing - INFO - Plotted LRE
graphing - INFO - Plotted OTT
graphing - INFO - Plotter RoC
graphing - INFO - Added plot details
graphing - INFO - Plotted LRE
graphing - INFO - Plotted OTT
graphing - INFO - Plotter RoC
graphing - INFO - Added plot details
graphing - INFO - Plotted LRE
graphing - INFO - Plotted OTT
graphing - INFO - Plotter RoC
graphing - INFO - Added plot details
graphing - INFO - Plot completed and saved to /home/akovachi/lrt_data/plots/LRE/2018/03/17/LRE20180317[32hz][03].png
graphing - INFO - Working on file LRE 2018-03-17, v32Hz
graphing - INFO - Working on hour 05
graphing - INFO - Got OTT data
graphing - INFO - Got LRT data
graphing - INFO - Creating plot...
graphing - INFO - Reformated Data
graphing - INFO - Plotted LRE
graphing - INFO - Plotted OTT
graphing - INFO - Plotter RoC
graphing - INFO - Added plot details
graphing - INFO - Plotted LRE
graphing - INFO - Plotted OTT
graphing - INFO - Plotter RoC
graphing - INFO - Added plot details
graphing - INFO - Plotted LRE
graphing - INFO - Plotted OTT
graphing - INFO - Plotter RoC
graphing - INFO - Added plot details
graphing - INFO - Plot completed and saved to /home/akovachi/lrt_data/plots/LRE/2018/03/17/LRE20180317[32hz][05].png
graphing - INFO - Working on file LRE 2018-03-17, v32Hz
graphing - INFO - Working on hour 05
graphing - INFO - Got OTT data
graphing - INFO - Got LRT data
graphing - INFO - Creating plot...
graphing - INFO - Reformated Data
graphing - INFO - Plotted LRE
graphing - INFO - Plotted OTT
graphing - INFO - Plotter RoC
graphing - INFO - Added plot details
graphing - INFO - Plotted LRE
graphing - INFO - Plotted OTT
graphing - INFO - Plotter RoC
graphing - INFO - Added plot details
graphing - INFO - Plotted LRE
graphing - INFO - Plotted OTT
graphing - INFO - Plotter RoC
graphing - INFO - Added plot details
graphing - INFO - Plot completed and saved to /home/akovachi/lrt_data/plots/LRE/2018/03/17/LRE20180317[32hz][05].png
graphing - INFO - Working on file LRE 2018-03-17, v32Hz
graphing - INFO - Working on hour 06
graphing - INFO - Got OTT data
graphing - INFO - Got LRT data
graphing - INFO - Creating plot...
graphing - INFO - Reformated Data
graphing - INFO - Plotted LRE
graphing - INFO - Plotted OTT
graphing - INFO - Plotter RoC
graphing - INFO - Added plot details
graphing - INFO - Plotted LRE
graphing - INFO - Plotted OTT
graphing - INFO - Plotter RoC
graphing - INFO - Added plot details
graphing - INFO - Plotted LRE
graphing - INFO - Plotted OTT
graphing - INFO - Plotter RoC
graphing - INFO - Added plot details
graphing - INFO - Plot completed and saved to /home/akovachi/lrt_data/plots/LRE/2018/03/17/LRE20180317[32hz][06].png
graphing - INFO - Working on file LRE 2018-03-17, v32Hz
graphing - INFO - Working on hour 06
graphing - INFO - Got OTT data
graphing - INFO - Got LRT data
graphing - INFO - Creating plot...
graphing - INFO - Reformated Data
graphing - INFO - Plotted LRE
graphing - INFO - Plotted OTT
graphing - INFO - Plotter RoC
graphing - INFO - Added plot details
graphing - INFO - Plotted LRE
graphing - INFO - Plotted OTT
graphing - INFO - Plotter RoC
graphing - INFO - Added plot details
graphing - INFO - Plotted LRE
graphing - INFO - Plotted OTT
graphing - INFO - Plotter RoC
graphing - INFO - Added plot details
graphing - INFO - Plot completed and saved to /home/akovachi/lrt_data/plots/LRE/2018/03/17/LRE20180317[32hz][06].png
graphing - INFO - Working on file LRE 2018-03-17, v32Hz
graphing - INFO - Working on hour 10
graphing - INFO - Got OTT data
graphing - INFO - Got LRT data
graphing - INFO - Creating plot...
graphing - INFO - Reformated Data
graphing - INFO - Plotted LRE
graphing - INFO - Plotted OTT
graphing - INFO - Plotter RoC
graphing - INFO - Added plot details
graphing - INFO - Plotted LRE
graphing - INFO - Plotted OTT
graphing - INFO - Plotter RoC
graphing - INFO - Added plot details
graphing - INFO - Plotted LRE
graphing - INFO - Plotted OTT
graphing - INFO - Plotter RoC
graphing - INFO - Added plot details
graphing - INFO - Plot completed and saved to /home/akovachi/lrt_data/plots/LRE/2018/03/17/LRE20180317[32hz][10].png
graphing - INFO - Working on file LRE 2018-03-17, v32Hz
graphing - INFO - Working on hour 16
graphing - INFO - Got OTT data
graphing - INFO - Got LRT data
graphing - INFO - Creating plot...
graphing - INFO - Reformated Data
graphing - INFO - Plotted LRE
graphing - INFO - Plotted OTT
graphing - INFO - Plotter RoC
graphing - INFO - Added plot details
graphing - INFO - Plotted LRE
graphing - INFO - Plotted OTT
graphing - INFO - Plotter RoC
graphing - INFO - Added plot details
graphing - INFO - Plotted LRE
graphing - INFO - Plotted OTT
graphing - INFO - Plotter RoC
graphing - INFO - Added plot details
graphing - INFO - Plot completed and saved to /home/akovachi/lrt_data/plots/LRE/2018/03/17/LRE20180317[32hz][16].png
graphing - INFO - Working on file LRE 2018-03-17, v32Hz
graphing - INFO - Working on hour 20
graphing - INFO - Got OTT data
graphing - INFO - Got LRT data
graphing - INFO - Creating plot...
graphing - INFO - Reformated Data
graphing - INFO - Plotted LRE
graphing - INFO - Plotted OTT
graphing - INFO - Plotter RoC
graphing - INFO - Added plot details
graphing - INFO - Plotted LRE
graphing - INFO - Plotted OTT
graphing - INFO - Plotter RoC
graphing - INFO - Added plot details
graphing - INFO - Plotted LRE
graphing - INFO - Plotted OTT
graphing - INFO - Plotter RoC
graphing - INFO - Added plot details
graphing - INFO - Plot completed and saved to /home/akovachi/lrt_data/plots/LRE/2018/03/17/LRE20180317[32hz][20].png
graphing - INFO - Working on file LRE 2018-03-17, v32Hz
graphing - INFO - Working on hour 23
graphing - INFO - Got OTT data
graphing - INFO - Got LRT data
graphing - INFO - Creating plot...
graphing - INFO - Reformated Data
graphing - INFO - Plotted LRE
graphing - INFO - Plotted OTT
graphing - INFO - Plotter RoC
graphing - INFO - Added plot details
graphing - INFO - Plotted LRE
graphing - INFO - Plotted OTT
graphing - INFO - Plotter RoC
graphing - INFO - Added plot details
graphing - INFO - Plotted LRE
graphing - INFO - Plotted OTT
graphing - INFO - Plotter RoC
graphing - INFO - Added plot details
graphing - INFO - Plot completed and saved to /home/akovachi/lrt_data/plots/LRE/2018/03/17/LRE20180317[32hz][23].png
graphing - INFO - Working on file LRE 2018-03-17, v32Hz
graphing - INFO - Working on hour 23
graphing - INFO - Got OTT data
graphing - INFO - Got LRT data
graphing - INFO - Creating plot...
graphing - INFO - Reformated Data
graphing - INFO - Plotted LRE
graphing - INFO - Plotted OTT
graphing - INFO - Plotter RoC
graphing - INFO - Added plot details
graphing - INFO - Plotted LRE
graphing - INFO - Plotted OTT
graphing - INFO - Plotter RoC
graphing - INFO - Added plot details
graphing - INFO - Plotted LRE
graphing - INFO - Plotted OTT
graphing - INFO - Plotter RoC
graphing - INFO - Added plot details
graphing - INFO - Plot completed and saved to /home/akovachi/lrt_data/plots/LRE/2018/03/17/LRE20180317[32hz][23].png
graphing - INFO - Working on file LRE 2018-03-17, v32Hz
graphing - INFO - Working on hour 23
graphing - INFO - Got OTT data
graphing - INFO - Got LRT data
graphing - INFO - Creating plot...
graphing - INFO - Reformated Data
graphing - INFO - Plotted LRE
graphing - INFO - Plotted OTT
graphing - INFO - Plotter RoC
graphing - INFO - Added plot details
graphing - INFO - Plotted LRE
graphing - INFO - Plotted OTT
graphing - INFO - Plotter RoC
graphing - INFO - Added plot details
graphing - INFO - Plotted LRE
graphing - INFO - Plotted OTT
graphing - INFO - Plotter RoC
graphing - INFO - Added plot details
graphing - INFO - Plot completed and saved to /home/akovachi/lrt_data/plots/LRE/2018/03/17/LRE20180317[32hz][23].png
graphing - INFO - Working on file LRO 2018-03-17, v32Hz
graphing - INFO - Working on hour 02
graphing - INFO - Got OTT data
graphing - INFO - Got LRT data
graphing - INFO - Creating plot...
graphing - INFO - Reformated Data
graphing - INFO - Plotted LRO
graphing - INFO - Plotted OTT
graphing - INFO - Plotter RoC
graphing - INFO - Added plot details
graphing - INFO - Plotted LRO
graphing - INFO - Plotted OTT
graphing - INFO - Plotter RoC
graphing - INFO - Added plot details
graphing - INFO - Plotted LRO
graphing - INFO - Plotted OTT
graphing - INFO - Plotter RoC
graphing - INFO - Added plot details
graphing - INFO - Plot completed and saved to /home/akovachi/lrt_data/plots/LRO/2018/03/17/LRO20180317[32hz][02].png
graphing - INFO - Working on file LRO 2018-03-17, v32Hz
graphing - INFO - Working on hour 03
graphing - INFO - Got OTT data
graphing - INFO - Got LRT data
graphing - INFO - Creating plot...
graphing - INFO - Reformated Data
graphing - INFO - Plotted LRO
graphing - INFO - Plotted OTT
graphing - INFO - Plotter RoC
graphing - INFO - Added plot details
graphing - INFO - Plotted LRO
graphing - INFO - Plotted OTT
graphing - INFO - Plotter RoC
graphing - INFO - Added plot details
graphing - INFO - Plotted LRO
graphing - INFO - Plotted OTT
graphing - INFO - Plotter RoC
graphing - INFO - Added plot details
graphing - INFO - Plot completed and saved to /home/akovachi/lrt_data/plots/LRO/2018/03/17/LRO20180317[32hz][03].png
graphing - INFO - Working on file LRO 2018-03-17, v32Hz
graphing - INFO - Working on hour 03
graphing - INFO - Got OTT data
graphing - INFO - Got LRT data
graphing - INFO - Creating plot...
graphing - INFO - Reformated Data
graphing - INFO - Plotted LRO
graphing - INFO - Plotted OTT
graphing - INFO - Plotter RoC
graphing - INFO - Added plot details
graphing - INFO - Plotted LRO
graphing - INFO - Plotted OTT
graphing - INFO - Plotter RoC
graphing - INFO - Added plot details
graphing - INFO - Plotted LRO
graphing - INFO - Plotted OTT
graphing - INFO - Plotter RoC
graphing - INFO - Added plot details
graphing - INFO - Plot completed and saved to /home/akovachi/lrt_data/plots/LRO/2018/03/17/LRO20180317[32hz][03].png
graphing - INFO - Working on file LRO 2018-03-17, v32Hz
graphing - INFO - Working on hour 06
graphing - INFO - Got OTT data
graphing - INFO - Got LRT data
graphing - INFO - Creating plot...
graphing - INFO - Reformated Data
graphing - INFO - Plotted LRO
graphing - INFO - Plotted OTT
graphing - INFO - Plotter RoC
graphing - INFO - Added plot details
graphing - INFO - Plotted LRO
graphing - INFO - Plotted OTT
graphing - INFO - Plotter RoC
graphing - INFO - Added plot details
graphing - INFO - Plotted LRO
graphing - INFO - Plotted OTT
graphing - INFO - Plotter RoC
graphing - INFO - Added plot details
graphing - INFO - Plot completed and saved to /home/akovachi/lrt_data/plots/LRO/2018/03/17/LRO20180317[32hz][06].png
graphing - INFO - Working on file LRO 2018-03-17, v32Hz
graphing - INFO - Working on hour 10
graphing - INFO - Got OTT data
graphing - INFO - Got LRT data
graphing - INFO - Creating plot...
graphing - INFO - Reformated Data
graphing - INFO - Plotted LRO
graphing - INFO - Plotted OTT
graphing - INFO - Plotter RoC
graphing - INFO - Added plot details
graphing - INFO - Plotted LRO
graphing - INFO - Plotted OTT
graphing - INFO - Plotter RoC
graphing - INFO - Added plot details
graphing - INFO - Plotted LRO
graphing - INFO - Plotted OTT
graphing - INFO - Plotter RoC
graphing - INFO - Added plot details
graphing - INFO - Plot completed and saved to /home/akovachi/lrt_data/plots/LRO/2018/03/17/LRO20180317[32hz][10].png
graphing - INFO - Working on file LRO 2018-03-17, v32Hz
graphing - INFO - Working on hour 10
graphing - INFO - Got OTT data
graphing - INFO - Got LRT data
graphing - INFO - Creating plot...
graphing - INFO - Reformated Data
graphing - INFO - Plotted LRO
graphing - INFO - Plotted OTT
graphing - INFO - Plotter RoC
graphing - INFO - Added plot details
graphing - INFO - Plotted LRO
graphing - INFO - Plotted OTT
graphing - INFO - Plotter RoC
graphing - INFO - Added plot details
graphing - INFO - Plotted LRO
graphing - INFO - Plotted OTT
graphing - INFO - Plotter RoC
graphing - INFO - Added plot details
graphing - INFO - Plot completed and saved to /home/akovachi/lrt_data/plots/LRO/2018/03/17/LRO20180317[32hz][10].png
graphing - INFO - Working on file LRO 2018-03-17, v32Hz
graphing - INFO - Working on hour 10
graphing - INFO - Got OTT data
graphing - INFO - Got LRT data
graphing - INFO - Creating plot...
graphing - INFO - Reformated Data
graphing - INFO - Plotted LRO
graphing - INFO - Plotted OTT
graphing - INFO - Plotter RoC
graphing - INFO - Added plot details
graphing - INFO - Plotted LRO
graphing - INFO - Plotted OTT
graphing - INFO - Plotter RoC
graphing - INFO - Added plot details
graphing - INFO - Plotted LRO
graphing - INFO - Plotted OTT
graphing - INFO - Plotter RoC
graphing - INFO - Added plot details
graphing - INFO - Plot completed and saved to /home/akovachi/lrt_data/plots/LRO/2018/03/17/LRO20180317[32hz][10].png
graphing - INFO - Working on file LRO 2018-03-17, v32Hz
graphing - INFO - Working on hour 11
graphing - INFO - Got OTT data
graphing - INFO - Got LRT data
graphing - INFO - Creating plot...
graphing - INFO - Reformated Data
graphing - INFO - Plotted LRO
graphing - INFO - Plotted OTT
graphing - INFO - Plotter RoC
graphing - INFO - Added plot details
graphing - INFO - Plotted LRO
graphing - INFO - Plotted OTT
graphing - INFO - Plotter RoC
graphing - INFO - Added plot details
graphing - INFO - Plotted LRO
graphing - INFO - Plotted OTT
graphing - INFO - Plotter RoC
graphing - INFO - Added plot details
graphing - INFO - Plot completed and saved to /home/akovachi/lrt_data/plots/LRO/2018/03/17/LRO20180317[32hz][11].png
graphing - INFO - Working on file LRO 2018-03-17, v32Hz
graphing - INFO - Working on hour 11
graphing - INFO - Got OTT data
graphing - INFO - Got LRT data
graphing - INFO - Creating plot...
graphing - INFO - Reformated Data
graphing - INFO - Plotted LRO
graphing - INFO - Plotted OTT
graphing - INFO - Plotter RoC
graphing - INFO - Added plot details
graphing - INFO - Plotted LRO
graphing - INFO - Plotted OTT
graphing - INFO - Plotter RoC
graphing - INFO - Added plot details
graphing - INFO - Plotted LRO
graphing - INFO - Plotted OTT
graphing - INFO - Plotter RoC
graphing - INFO - Added plot details
graphing - INFO - Plot completed and saved to /home/akovachi/lrt_data/plots/LRO/2018/03/17/LRO20180317[32hz][11].png
graphing - INFO - Working on file LRO 2018-03-17, v32Hz
graphing - INFO - Working on hour 15
graphing - INFO - Got OTT data
graphing - INFO - Got LRT data
graphing - INFO - Creating plot...
graphing - INFO - Reformated Data
graphing - INFO - Plotted LRO
graphing - INFO - Plotted OTT
graphing - INFO - Plotter RoC
graphing - INFO - Added plot details
graphing - INFO - Plotted LRO
graphing - INFO - Plotted OTT
graphing - INFO - Plotter RoC
graphing - INFO - Added plot details
graphing - INFO - Plotted LRO
graphing - INFO - Plotted OTT
graphing - INFO - Plotter RoC
graphing - INFO - Added plot details
graphing - INFO - Plot completed and saved to /home/akovachi/lrt_data/plots/LRO/2018/03/17/LRO20180317[32hz][15].png
graphing - INFO - Working on file LRO 2018-03-17, v32Hz
graphing - INFO - Working on hour 20
graphing - INFO - Got OTT data
graphing - INFO - Got LRT data
graphing - INFO - Creating plot...
graphing - INFO - Reformated Data
graphing - INFO - Plotted LRO
graphing - INFO - Plotted OTT
graphing - INFO - Plotter RoC
graphing - INFO - Added plot details
graphing - INFO - Plotted LRO
graphing - INFO - Plotted OTT
graphing - INFO - Plotter RoC
graphing - INFO - Added plot details
graphing - INFO - Plotted LRO
graphing - INFO - Plotted OTT
graphing - INFO - Plotter RoC
graphing - INFO - Added plot details
graphing - INFO - Plot completed and saved to /home/akovachi/lrt_data/plots/LRO/2018/03/17/LRO20180317[32hz][20].png
graphing - INFO - Working on file LRS 2018-03-17, v32Hz
graphing - INFO - Working on hour 03
graphing - INFO - Got OTT data
graphing - INFO - Got LRT data
graphing - INFO - Creating plot...
graphing - INFO - Reformated Data
graphing - INFO - Plotted LRS
graphing - INFO - Plotted OTT
graphing - INFO - Plotter RoC
graphing - INFO - Added plot details
graphing - INFO - Plotted LRS
graphing - INFO - Plotted OTT
graphing - INFO - Plotter RoC
graphing - INFO - Added plot details
graphing - INFO - Plotted LRS
graphing - INFO - Plotted OTT
graphing - INFO - Plotter RoC
graphing - INFO - Added plot details
graphing - INFO - Plot completed and saved to /home/akovachi/lrt_data/plots/LRS/2018/03/17/LRS20180317[32hz][03].png
graphing - INFO - Working on file LRS 2018-03-17, v32Hz
graphing - INFO - Working on hour 03
graphing - INFO - Got OTT data
graphing - INFO - Got LRT data
graphing - INFO - Creating plot...
graphing - INFO - Reformated Data
graphing - INFO - Plotted LRS
graphing - INFO - Plotted OTT
graphing - INFO - Plotter RoC
graphing - INFO - Added plot details
graphing - INFO - Plotted LRS
graphing - INFO - Plotted OTT
graphing - INFO - Plotter RoC
graphing - INFO - Added plot details
graphing - INFO - Plotted LRS
graphing - INFO - Plotted OTT
graphing - INFO - Plotter RoC
graphing - INFO - Added plot details
graphing - INFO - Plot completed and saved to /home/akovachi/lrt_data/plots/LRS/2018/03/17/LRS20180317[32hz][03].png
graphing - INFO - Working on file LRS 2018-03-17, v32Hz
graphing - INFO - Working on hour 06
graphing - INFO - Got OTT data
graphing - INFO - Got LRT data
graphing - INFO - Creating plot...
graphing - INFO - Reformated Data
graphing - INFO - Plotted LRS
graphing - INFO - Plotted OTT
graphing - INFO - Plotter RoC
graphing - INFO - Added plot details
graphing - INFO - Plotted LRS
graphing - INFO - Plotted OTT
graphing - INFO - Plotter RoC
graphing - INFO - Added plot details
graphing - INFO - Plotted LRS
graphing - INFO - Plotted OTT
graphing - INFO - Plotter RoC
graphing - INFO - Added plot details
graphing - INFO - Plot completed and saved to /home/akovachi/lrt_data/plots/LRS/2018/03/17/LRS20180317[32hz][06].png
graphing - INFO - Working on file LRS 2018-03-17, v32Hz
graphing - INFO - Working on hour 06
graphing - INFO - Got OTT data
graphing - INFO - Got LRT data
graphing - INFO - Creating plot...
graphing - INFO - Reformated Data
graphing - INFO - Plotted LRS
graphing - INFO - Plotted OTT
graphing - INFO - Plotter RoC
graphing - INFO - Added plot details
graphing - INFO - Plotted LRS
graphing - INFO - Plotted OTT
graphing - INFO - Plotter RoC
graphing - INFO - Added plot details
graphing - INFO - Plotted LRS
graphing - INFO - Plotted OTT
graphing - INFO - Plotter RoC
graphing - INFO - Added plot details
graphing - INFO - Plot completed and saved to /home/akovachi/lrt_data/plots/LRS/2018/03/17/LRS20180317[32hz][06].png
graphing - INFO - Working on file LRS 2018-03-17, v32Hz
graphing - INFO - Working on hour 06
graphing - INFO - Got OTT data
graphing - INFO - Got LRT data
graphing - INFO - Creating plot...
graphing - INFO - Reformated Data
graphing - INFO - Plotted LRS
graphing - INFO - Plotted OTT
graphing - INFO - Plotter RoC
graphing - INFO - Added plot details
graphing - INFO - Plotted LRS
graphing - INFO - Plotted OTT
graphing - INFO - Plotter RoC
graphing - INFO - Added plot details
graphing - INFO - Plotted LRS
graphing - INFO - Plotted OTT
graphing - INFO - Plotter RoC
graphing - INFO - Added plot details
graphing - INFO - Plot completed and saved to /home/akovachi/lrt_data/plots/LRS/2018/03/17/LRS20180317[32hz][06].png
graphing - INFO - Working on file LRS 2018-03-17, v32Hz
graphing - INFO - Working on hour 10
graphing - INFO - Got OTT data
graphing - INFO - Got LRT data
graphing - INFO - Creating plot...
graphing - INFO - Reformated Data
graphing - INFO - Plotted LRS
graphing - INFO - Plotted OTT
graphing - INFO - Plotter RoC
graphing - INFO - Added plot details
graphing - INFO - Plotted LRS
graphing - INFO - Plotted OTT
graphing - INFO - Plotter RoC
graphing - INFO - Added plot details
graphing - INFO - Plotted LRS
graphing - INFO - Plotted OTT
graphing - INFO - Plotter RoC
graphing - INFO - Added plot details
graphing - INFO - Plot completed and saved to /home/akovachi/lrt_data/plots/LRS/2018/03/17/LRS20180317[32hz][10].png
graphing - INFO - Working on file LRS 2018-03-17, v32Hz
graphing - INFO - Working on hour 10
graphing - INFO - Got OTT data
graphing - INFO - Got LRT data
graphing - INFO - Creating plot...
graphing - INFO - Reformated Data
graphing - INFO - Plotted LRS
graphing - INFO - Plotted OTT
graphing - INFO - Plotter RoC
graphing - INFO - Added plot details
graphing - INFO - Plotted LRS
graphing - INFO - Plotted OTT
graphing - INFO - Plotter RoC
graphing - INFO - Added plot details
graphing - INFO - Plotted LRS
graphing - INFO - Plotted OTT
graphing - INFO - Plotter RoC
graphing - INFO - Added plot details
graphing - INFO - Plot completed and saved to /home/akovachi/lrt_data/plots/LRS/2018/03/17/LRS20180317[32hz][10].png
graphing - INFO - Working on file LRS 2018-03-17, v32Hz
graphing - INFO - Working on hour 10
graphing - INFO - Got OTT data
graphing - INFO - Got LRT data
graphing - INFO - Creating plot...
graphing - INFO - Reformated Data
graphing - INFO - Plotted LRS
graphing - INFO - Plotted OTT
graphing - INFO - Plotter RoC
graphing - INFO - Added plot details
graphing - INFO - Plotted LRS
graphing - INFO - Plotted OTT
graphing - INFO - Plotter RoC
graphing - INFO - Added plot details
graphing - INFO - Plotted LRS
graphing - INFO - Plotted OTT
graphing - INFO - Plotter RoC
graphing - INFO - Added plot details
graphing - INFO - Plot completed and saved to /home/akovachi/lrt_data/plots/LRS/2018/03/17/LRS20180317[32hz][10].png
graphing - INFO - Working on file LRS 2018-03-17, v32Hz
graphing - INFO - Working on hour 19
graphing - INFO - Got OTT data
graphing - INFO - Got LRT data
graphing - INFO - Creating plot...
graphing - INFO - Reformated Data
graphing - INFO - Plotted LRS
graphing - INFO - Plotted OTT
graphing - INFO - Plotter RoC
graphing - INFO - Added plot details
graphing - INFO - Plotted LRS
graphing - INFO - Plotted OTT
graphing - INFO - Plotter RoC
graphing - INFO - Added plot details
graphing - INFO - Plotted LRS
graphing - INFO - Plotted OTT
graphing - INFO - Plotter RoC
graphing - INFO - Added plot details
graphing - INFO - Plot completed and saved to /home/akovachi/lrt_data/plots/LRS/2018/03/17/LRS20180317[32hz][19].png
graphing - INFO - Working on file LRS 2018-03-17, v32Hz
graphing - INFO - Working on hour 20
graphing - INFO - Got OTT data
graphing - INFO - Got LRT data
graphing - INFO - Creating plot...
graphing - INFO - Reformated Data
graphing - INFO - Plotted LRS
graphing - INFO - Plotted OTT
graphing - INFO - Plotter RoC
graphing - INFO - Added plot details
graphing - INFO - Plotted LRS
graphing - INFO - Plotted OTT
graphing - INFO - Plotter RoC
graphing - INFO - Added plot details
graphing - INFO - Plotted LRS
graphing - INFO - Plotted OTT
graphing - INFO - Plotter RoC
graphing - INFO - Added plot details
graphing - INFO - Plot completed and saved to /home/akovachi/lrt_data/plots/LRS/2018/03/17/LRS20180317[32hz][20].png
graphing - INFO - Working on file LRS 2018-03-17, v32Hz
graphing - INFO - Working on hour 21
graphing - INFO - Got OTT data
graphing - INFO - Got LRT data
graphing - INFO - Creating plot...
graphing - INFO - Reformated Data
graphing - INFO - Plotted LRS
graphing - INFO - Plotted OTT
graphing - INFO - Plotter RoC
graphing - INFO - Added plot details
graphing - INFO - Plotted LRS
graphing - INFO - Plotted OTT
graphing - INFO - Plotter RoC
graphing - INFO - Added plot details
graphing - INFO - Plotted LRS
graphing - INFO - Plotted OTT
graphing - INFO - Plotter RoC
graphing - INFO - Added plot details
graphing - INFO - Plot completed and saved to /home/akovachi/lrt_data/plots/LRS/2018/03/17/LRS20180317[32hz][21].png
graphing - INFO - Working on file LRS 2018-03-17, v32Hz
graphing - INFO - Working on hour 23
graphing - INFO - Got OTT data
graphing - INFO - Got LRT data
graphing - INFO - Creating plot...
graphing - INFO - Reformated Data
graphing - INFO - Plotted LRS
graphing - INFO - Plotted OTT
graphing - INFO - Plotter RoC
graphing - INFO - Added plot details
graphing - INFO - Plotted LRS
graphing - INFO - Plotted OTT
graphing - INFO - Plotter RoC
graphing - INFO - Added plot details
graphing - INFO - Plotted LRS
graphing - INFO - Plotted OTT
graphing - INFO - Plotter RoC
graphing - INFO - Added plot details
graphing - INFO - Plot completed and saved to /home/akovachi/lrt_data/plots/LRS/2018/03/17/LRS20180317[32hz][23].png
graphing - INFO - Working on file LRE 2018-03-17, secNew
graphing - INFO - Got OTT data
graphing - INFO - Got LRT data
graphing - INFO - Creating plot...
graphing - INFO - Reformated Data
graphing - INFO - Plotted LRE
graphing - INFO - Plotted OTT
graphing - INFO - Plotter RoC
graphing - INFO - Added plot details
graphing - INFO - Plotted LRE
graphing - INFO - Plotted OTT
graphing - INFO - Plotter RoC
graphing - INFO - Added plot details
graphing - INFO - Plotted LRE
graphing - INFO - Plotted OTT
graphing - INFO - Plotter RoC
graphing - INFO - Added plot details
graphing - INFO - Plotted LRE
graphing - INFO - Plotted OTT
graphing - INFO - Plotter RoC
graphing - INFO - Added plot details
graphing - INFO - Plot completed and saved to /home/akovachi/lrt_data/plots/LRE/2018/03/17/LRE20180317[1hz][day].png
graphing - INFO - Working on file LRO 2018-03-17, secNew
graphing - INFO - Got OTT data
graphing - INFO - Got LRT data
graphing - INFO - Creating plot...
graphing - INFO - Reformated Data
graphing - INFO - Plotted LRO
graphing - INFO - Plotted OTT
graphing - INFO - Plotter RoC
graphing - INFO - Added plot details
graphing - INFO - Plotted LRO
graphing - INFO - Plotted OTT
graphing - INFO - Plotter RoC
graphing - INFO - Added plot details
graphing - INFO - Plotted LRO
graphing - INFO - Plotted OTT
graphing - INFO - Plotter RoC
graphing - INFO - Added plot details
graphing - INFO - Plotted LRO
graphing - INFO - Plotted OTT
graphing - INFO - Plotter RoC
graphing - INFO - Added plot details
graphing - INFO - Plot completed and saved to /home/akovachi/lrt_data/plots/LRO/2018/03/17/LRO20180317[1hz][day].png
graphing - INFO - Working on file LRS 2018-03-17, secNew
graphing - INFO - Got OTT data
graphing - INFO - Got LRT data
graphing - INFO - Creating plot...
graphing - INFO - Reformated Data
graphing - INFO - Plotted LRS
graphing - INFO - Plotted OTT
graphing - INFO - Plotter RoC
graphing - INFO - Added plot details
graphing - INFO - Plotted LRS
graphing - INFO - Plotted OTT
graphing - INFO - Plotter RoC
graphing - INFO - Added plot details
graphing - INFO - Plotted LRS
graphing - INFO - Plotted OTT
graphing - INFO - Plotter RoC
graphing - INFO - Added plot details
graphing - INFO - Plotted LRS
graphing - INFO - Plotted OTT
graphing - INFO - Plotter RoC
graphing - INFO - Added plot details
graphing - INFO - Plot completed and saved to /home/akovachi/lrt_data/plots/LRS/2018/03/17/LRS20180317[1hz][day].png
